[2017-08-24 18:13:05] discord_loop.INFO: gateway retrieved and set {"gateway":"wss://gateway.discord.gg/?v=6&encoding=json"} []
[2017-08-24 18:13:05] discord_loop.INFO: starting connection to websocket {"gateway":"wss://gateway.discord.gg/?v=6&encoding=json"} []
[2017-08-24 18:13:06] discord_loop.INFO: websocket connection has been created [] []
[2017-08-24 18:13:06] discord_loop.INFO: received hello [] []
[2017-08-24 18:13:06] discord_loop.INFO: identifying {"payload":{"op":2,"d":{"token":"MzQ2NzU3MjI4MTUxNDM5MzYx.DHoRPg.7b6rcHOnqCK0A7tsMfVqNsP-3b0","properties":{"$os":"Darwin","$browser":"DiscordPHP/v4.0.3 DiscordBot (https://github.com/teamreflex/DiscordPHP, v4.0.3)","$device":"DiscordPHP/v4.0.3 DiscordBot (https://github.com/teamreflex/DiscordPHP, v4.0.3)","$referrer":"https://github.com/teamreflex/DiscordPHP","$referring_domain":"https://github.com/teamreflex/DiscordPHP"},"compress":true}}} []
[2017-08-24 18:13:06] discord_loop.DEBUG: sending heartbeat {"seq":null} []
[2017-08-24 18:13:06] discord_loop.INFO: heartbeat timer initilized {"interval":41250} []
[2017-08-24 18:13:06] discord_loop.DEBUG: received heartbeat ack {"response_time":181.4279556274414} []
[2017-08-24 18:13:06] discord_loop.DEBUG: ready packet received [] []
[2017-08-24 18:13:06] discord_loop.DEBUG: discord trace received {"trace":["gateway-prd-main-5sk2","discord-sessions-prd-1-13"]} []
[2017-08-24 18:13:06] discord_loop.DEBUG: client created and session id stored {"session_id":"a3014e6eb928b65b9dbeddaa77d01b8e","user":{"id":"346757228151439361","username":"lurdes-bot","avatar":"https://discordapp.com/api/users/346757228151439361/avatars/f3004d8107cba36df029fe8f80a5f19f.jpg","discriminator":"1087","bot":null}} []
[2017-08-24 18:13:06] discord_loop.INFO: did not parse private channels [] []
[2017-08-24 18:13:06] discord_loop.INFO: stored guilds {"count":0} []
[2017-08-24 18:13:06] discord_loop.INFO: all guilds are now available {"count":3} []
[2017-08-24 18:13:06] discord_loop.INFO: loadAllMembers option is disabled, not setting chunking up [] []
[2017-08-24 18:13:06] discord_loop.INFO: client is ready [] []
[2017-08-24 18:13:59] discord_loop.INFO: gateway retrieved and set {"gateway":"wss://gateway.discord.gg/?v=6&encoding=json"} []
[2017-08-24 18:13:59] discord_loop.INFO: starting connection to websocket {"gateway":"wss://gateway.discord.gg/?v=6&encoding=json"} []
[2017-08-24 18:14:00] discord_loop.INFO: websocket connection has been created [] []
[2017-08-24 18:14:00] discord_loop.INFO: received hello [] []
[2017-08-24 18:14:00] discord_loop.INFO: identifying {"payload":{"op":2,"d":{"token":"MzQ2NzU3MjI4MTUxNDM5MzYx.DHoRPg.7b6rcHOnqCK0A7tsMfVqNsP-3b0","properties":{"$os":"Darwin","$browser":"DiscordPHP/v4.0.3 DiscordBot (https://github.com/teamreflex/DiscordPHP, v4.0.3)","$device":"DiscordPHP/v4.0.3 DiscordBot (https://github.com/teamreflex/DiscordPHP, v4.0.3)","$referrer":"https://github.com/teamreflex/DiscordPHP","$referring_domain":"https://github.com/teamreflex/DiscordPHP"},"compress":true}}} []
[2017-08-24 18:14:00] discord_loop.DEBUG: sending heartbeat {"seq":null} []
[2017-08-24 18:14:00] discord_loop.INFO: heartbeat timer initilized {"interval":41250} []
[2017-08-24 18:14:00] discord_loop.DEBUG: received heartbeat ack {"response_time":192.62099266052246} []
[2017-08-24 18:14:00] discord_loop.DEBUG: ready packet received [] []
[2017-08-24 18:14:00] discord_loop.DEBUG: discord trace received {"trace":["gateway-prd-main-g3g8","discord-sessions-prd-1-4"]} []
[2017-08-24 18:14:00] discord_loop.DEBUG: client created and session id stored {"session_id":"a3e3d6f7004ea40eba74c7c22e37a875","user":{"id":"346757228151439361","username":"lurdes-bot","avatar":"https://discordapp.com/api/users/346757228151439361/avatars/f3004d8107cba36df029fe8f80a5f19f.jpg","discriminator":"1087","bot":null}} []
[2017-08-24 18:14:00] discord_loop.INFO: did not parse private channels [] []
[2017-08-24 18:14:00] discord_loop.INFO: stored guilds {"count":0} []
[2017-08-24 18:14:00] discord_loop.INFO: all guilds are now available {"count":3} []
[2017-08-24 18:14:00] discord_loop.INFO: loadAllMembers option is disabled, not setting chunking up [] []
[2017-08-24 18:14:00] discord_loop.INFO: client is ready [] []
[2017-08-24 18:14:41] discord_loop.DEBUG: sending heartbeat {"seq":4} []
[2017-08-24 18:14:41] discord_loop.DEBUG: received heartbeat ack {"response_time":214.93911743164062} []
[2017-08-24 18:15:22] discord_loop.DEBUG: sending heartbeat {"seq":5} []
[2017-08-24 18:15:22] discord_loop.DEBUG: received heartbeat ack {"response_time":179.83603477478027} []
[2017-08-24 18:15:55] discord_loop.INFO: gateway retrieved and set {"gateway":"wss://gateway.discord.gg/?v=6&encoding=json"} []
[2017-08-24 18:15:55] discord_loop.INFO: starting connection to websocket {"gateway":"wss://gateway.discord.gg/?v=6&encoding=json"} []
[2017-08-24 18:15:56] discord_loop.INFO: websocket connection has been created [] []
[2017-08-24 18:15:56] discord_loop.INFO: received hello [] []
[2017-08-24 18:15:56] discord_loop.INFO: identifying {"payload":{"op":2,"d":{"token":"MzQ2NzU3MjI4MTUxNDM5MzYx.DHoRPg.7b6rcHOnqCK0A7tsMfVqNsP-3b0","properties":{"$os":"Darwin","$browser":"DiscordPHP/v4.0.3 DiscordBot (https://github.com/teamreflex/DiscordPHP, v4.0.3)","$device":"DiscordPHP/v4.0.3 DiscordBot (https://github.com/teamreflex/DiscordPHP, v4.0.3)","$referrer":"https://github.com/teamreflex/DiscordPHP","$referring_domain":"https://github.com/teamreflex/DiscordPHP"},"compress":true}}} []
[2017-08-24 18:15:56] discord_loop.DEBUG: sending heartbeat {"seq":null} []
[2017-08-24 18:15:56] discord_loop.INFO: heartbeat timer initilized {"interval":41250} []
[2017-08-24 18:15:56] discord_loop.DEBUG: received heartbeat ack {"response_time":340.4998779296875} []
[2017-08-24 18:15:56] discord_loop.DEBUG: ready packet received [] []
[2017-08-24 18:15:56] discord_loop.DEBUG: discord trace received {"trace":["gateway-prd-main-7v2w","discord-sessions-prd-1-9"]} []
[2017-08-24 18:15:56] discord_loop.DEBUG: client created and session id stored {"session_id":"8c08a250a6c341693dc4323df71e7568","user":{"id":"346757228151439361","username":"lurdes-bot","avatar":"https://discordapp.com/api/users/346757228151439361/avatars/f3004d8107cba36df029fe8f80a5f19f.jpg","discriminator":"1087","bot":null}} []
[2017-08-24 18:15:56] discord_loop.INFO: did not parse private channels [] []
[2017-08-24 18:15:56] discord_loop.INFO: stored guilds {"count":0} []
[2017-08-24 18:15:58] discord_loop.INFO: all guilds are now available {"count":3} []
[2017-08-24 18:15:58] discord_loop.INFO: loadAllMembers option is disabled, not setting chunking up [] []
[2017-08-24 18:15:58] discord_loop.INFO: client is ready [] []
